2020-12-30 17:26:38,147 [INFO] Activator:170 - 


2020-12-30 17:26:38,150 [INFO] Activator:171 - !SESSION log4j initialized
2020-12-30 17:29:41,910 [INFO] McuFinderGlobals:40 - Set McuFinder mode to 2 (CubeIDE integrated)
2020-12-30 17:29:42,308 [INFO] ApplicationProperties:181 - Using Application install path: C:\ST\STM32CubeIDE_1.5.0\STM32CubeIDE\plugins\com.st.stm32cube.common.mx_6.1.0.202011121557
2020-12-30 17:29:42,324 [INFO] DbMcusXml:71 - Set database path to: C:\ST\STM32CubeIDE_1.5.0\STM32CubeIDE\plugins\com.st.stm32cube.common.mx_6.1.0.202011121557\\db\/mcu/
2020-12-30 17:29:42,329 [INFO] DbBoardsPdsc:57 - Set plugin database path to: C:\ST\STM32CubeIDE_1.5.0\STM32CubeIDE\plugins\com.st.stm32cube.common.mx_6.1.0.202011121557\\db\/plugins/boardmanager/
2020-12-30 17:29:42,330 [INFO] DbMcus:259 - Set plugin images path to: C:\ST\STM32CubeIDE_1.5.0\STM32CubeIDE\plugins\com.st.stm32cube.common.mx_6.1.0.202011121557\\db\/plugins/mcufinder/images/
2020-12-30 17:29:42,330 [INFO] DbBoards:265 - Set plugin images path to: C:\ST\STM32CubeIDE_1.5.0\STM32CubeIDE\plugins\com.st.stm32cube.common.mx_6.1.0.202011121557\\db\/plugins/mcufinder/images/
2020-12-30 17:29:42,333 [INFO] DbExamples:329 - Set plugin images path to: C:\ST\STM32CubeIDE_1.5.0\STM32CubeIDE\plugins\com.st.stm32cube.common.mx_6.1.0.202011121557\\db\/plugins/mcufinder/images/
2020-12-30 17:29:42,356 [INFO] DbMcusDocs:112 - Set database path to: C:\Users\duylu\.stmcufinder\plugins\mcufinder//mcu/
2020-12-30 17:29:42,358 [INFO] DbMcusJson:63 - Set database path to: C:\Users\duylu\.stmcufinder\plugins\mcufinder//mcu/
2020-12-30 17:29:42,359 [INFO] DbBoardsDocs:112 - Set database path to: C:\Users\duylu\.stmcufinder\plugins\mcufinder//mcu/
2020-12-30 17:29:42,361 [INFO] DbBoardsJson:56 - Set database path to: C:\Users\duylu\.stmcufinder\plugins\mcufinder//mcu/
2020-12-30 17:29:42,462 [INFO] CrossReferenceDbSqlite:196 - Set database path to: C:\Users\duylu\.stmcufinder\plugins\mcufinder//mcu/cs/
2020-12-30 17:29:42,466 [INFO] DbExamplesSqlite:699 - Set database path to: C:\Users\duylu\.stmcufinder\plugins\mcufinder//mcu/
2020-12-30 17:29:42,614 [INFO] RulesReader:52 - Compatibility file has been processed (228 Rules)
2020-12-30 17:29:42,777 [INFO] MicroXplorer:565 - Detected Java Version = 1.8.0_272
2020-12-30 17:29:42,778 [INFO] DbMcusXml:71 - Set database path to: C:\ST\STM32CubeIDE_1.5.0\STM32CubeIDE\plugins\com.st.stm32cube.common.mx_6.1.0.202011121557\\db\/mcu/
2020-12-30 17:29:42,779 [INFO] DbBoardsPdsc:57 - Set plugin database path to: C:\ST\STM32CubeIDE_1.5.0\STM32CubeIDE\plugins\com.st.stm32cube.common.mx_6.1.0.202011121557\\db\/plugins/boardmanager/
2020-12-30 17:29:42,779 [INFO] DbMcus:259 - Set plugin images path to: C:\ST\STM32CubeIDE_1.5.0\STM32CubeIDE\plugins\com.st.stm32cube.common.mx_6.1.0.202011121557\\db\/plugins/mcufinder/images/
2020-12-30 17:29:42,779 [INFO] DbBoards:265 - Set plugin images path to: C:\ST\STM32CubeIDE_1.5.0\STM32CubeIDE\plugins\com.st.stm32cube.common.mx_6.1.0.202011121557\\db\/plugins/mcufinder/images/
2020-12-30 17:29:42,779 [INFO] DbExamples:329 - Set plugin images path to: C:\ST\STM32CubeIDE_1.5.0\STM32CubeIDE\plugins\com.st.stm32cube.common.mx_6.1.0.202011121557\\db\/plugins/mcufinder/images/
2020-12-30 17:29:42,779 [WARN] DbFile:36 - Overriding database path with different value: C:\Users\duylu\.stmcufinder\plugins\mcufinder/ => C:\Users\duylu\.stmcufinder\plugins\mcufinder
2020-12-30 17:29:42,779 [INFO] DbMcusDocs:112 - Set database path to: C:\Users\duylu\.stmcufinder\plugins\mcufinder//mcu/
2020-12-30 17:29:42,780 [WARN] DbFile:36 - Overriding database path with different value: C:\Users\duylu\.stmcufinder\plugins\mcufinder/ => C:\Users\duylu\.stmcufinder\plugins\mcufinder
2020-12-30 17:29:42,780 [INFO] DbMcusJson:63 - Set database path to: C:\Users\duylu\.stmcufinder\plugins\mcufinder//mcu/
2020-12-30 17:29:42,780 [WARN] DbFile:36 - Overriding database path with different value: C:\Users\duylu\.stmcufinder\plugins\mcufinder/ => C:\Users\duylu\.stmcufinder\plugins\mcufinder
2020-12-30 17:29:42,780 [INFO] DbBoardsDocs:112 - Set database path to: C:\Users\duylu\.stmcufinder\plugins\mcufinder//mcu/
2020-12-30 17:29:42,780 [WARN] DbFile:36 - Overriding database path with different value: C:\Users\duylu\.stmcufinder\plugins\mcufinder/ => C:\Users\duylu\.stmcufinder\plugins\mcufinder
2020-12-30 17:29:42,780 [INFO] DbBoardsJson:56 - Set database path to: C:\Users\duylu\.stmcufinder\plugins\mcufinder//mcu/
2020-12-30 17:29:42,780 [WARN] DbFile:36 - Overriding database path with different value: C:\Users\duylu\.stmcufinder\plugins\mcufinder/ => C:\Users\duylu\.stmcufinder\plugins\mcufinder
2020-12-30 17:29:42,780 [WARN] DbFile:36 - Overriding database path with different value: C:\Users\duylu\.stmcufinder\plugins\mcufinder/ => C:\Users\duylu\.stmcufinder\plugins\mcufinder
2020-12-30 17:29:42,782 [INFO] CrossReferenceDbSqlite:196 - Set database path to: C:\Users\duylu\.stmcufinder\plugins\mcufinder//mcu/cs/
2020-12-30 17:29:42,782 [WARN] DbFile:36 - Overriding database path with different value: C:\Users\duylu\.stmcufinder\plugins\mcufinder/ => C:\Users\duylu\.stmcufinder\plugins\mcufinder
2020-12-30 17:29:42,782 [INFO] DbExamplesSqlite:699 - Set database path to: C:\Users\duylu\.stmcufinder\plugins\mcufinder//mcu/
2020-12-30 17:29:42,890 [INFO] MainPanel:190 - HeapMemory: 328204288
2020-12-30 17:29:42,991 [INFO] DbMcusXml:71 - Set database path to: C:\ST\STM32CubeIDE_1.5.0\STM32CubeIDE\plugins\com.st.stm32cube.common.mx_6.1.0.202011121557\\db\/mcu/
2020-12-30 17:29:42,992 [INFO] DbBoardsPdsc:57 - Set plugin database path to: C:\ST\STM32CubeIDE_1.5.0\STM32CubeIDE\plugins\com.st.stm32cube.common.mx_6.1.0.202011121557\\db\/plugins/boardmanager/
2020-12-30 17:29:42,992 [INFO] DbMcus:259 - Set plugin images path to: C:\ST\STM32CubeIDE_1.5.0\STM32CubeIDE\plugins\com.st.stm32cube.common.mx_6.1.0.202011121557\\db\/plugins/mcufinder/images/
2020-12-30 17:29:42,992 [INFO] DbBoards:265 - Set plugin images path to: C:\ST\STM32CubeIDE_1.5.0\STM32CubeIDE\plugins\com.st.stm32cube.common.mx_6.1.0.202011121557\\db\/plugins/mcufinder/images/
2020-12-30 17:29:42,992 [INFO] DbExamples:329 - Set plugin images path to: C:\ST\STM32CubeIDE_1.5.0\STM32CubeIDE\plugins\com.st.stm32cube.common.mx_6.1.0.202011121557\\db\/plugins/mcufinder/images/
2020-12-30 17:29:42,993 [WARN] DbFile:36 - Overriding database path with different value: C:\Users\duylu\.stmcufinder\plugins\mcufinder/ => C:\Users\duylu\.stmcufinder\plugins\mcufinder
2020-12-30 17:29:42,993 [INFO] DbMcusDocs:112 - Set database path to: C:\Users\duylu\.stmcufinder\plugins\mcufinder//mcu/
2020-12-30 17:29:42,993 [WARN] DbFile:36 - Overriding database path with different value: C:\Users\duylu\.stmcufinder\plugins\mcufinder/ => C:\Users\duylu\.stmcufinder\plugins\mcufinder
2020-12-30 17:29:42,993 [INFO] DbMcusJson:63 - Set database path to: C:\Users\duylu\.stmcufinder\plugins\mcufinder//mcu/
2020-12-30 17:29:42,993 [WARN] DbFile:36 - Overriding database path with different value: C:\Users\duylu\.stmcufinder\plugins\mcufinder/ => C:\Users\duylu\.stmcufinder\plugins\mcufinder
2020-12-30 17:29:42,994 [INFO] DbBoardsDocs:112 - Set database path to: C:\Users\duylu\.stmcufinder\plugins\mcufinder//mcu/
2020-12-30 17:29:42,994 [WARN] DbFile:36 - Overriding database path with different value: C:\Users\duylu\.stmcufinder\plugins\mcufinder/ => C:\Users\duylu\.stmcufinder\plugins\mcufinder
2020-12-30 17:29:42,994 [INFO] DbBoardsJson:56 - Set database path to: C:\Users\duylu\.stmcufinder\plugins\mcufinder//mcu/
2020-12-30 17:29:42,994 [WARN] DbFile:36 - Overriding database path with different value: C:\Users\duylu\.stmcufinder\plugins\mcufinder/ => C:\Users\duylu\.stmcufinder\plugins\mcufinder
2020-12-30 17:29:42,994 [WARN] DbFile:36 - Overriding database path with different value: C:\Users\duylu\.stmcufinder\plugins\mcufinder/ => C:\Users\duylu\.stmcufinder\plugins\mcufinder
2020-12-30 17:29:42,994 [INFO] CrossReferenceDbSqlite:196 - Set database path to: C:\Users\duylu\.stmcufinder\plugins\mcufinder//mcu/cs/
2020-12-30 17:29:42,994 [WARN] DbFile:36 - Overriding database path with different value: C:\Users\duylu\.stmcufinder\plugins\mcufinder/ => C:\Users\duylu\.stmcufinder\plugins\mcufinder
2020-12-30 17:29:42,994 [INFO] DbExamplesSqlite:699 - Set database path to: C:\Users\duylu\.stmcufinder\plugins\mcufinder//mcu/
2020-12-30 17:29:43,019 [INFO] ApplicationProperties:181 - Using Application install path: C:\ST\STM32CubeIDE_1.5.0\STM32CubeIDE\plugins\com.st.stm32cube.common.mx_6.1.0.202011121557
2020-12-30 17:29:43,021 [INFO] PluginManage:178 - Search for loadable plugins [exclusion list=, ]
2020-12-30 17:29:43,022 [INFO] PluginManage:292 - Check plugin analytics
2020-12-30 17:29:47,739 [INFO] AnalyticsPlugin:225 - Accepted Software Licenses: 
2020-12-30 17:29:47,739 [INFO] AnalyticsPlugin:227 - Accepted CMSIS Pack Licenses: 
2020-12-30 17:29:47,739 [INFO] AnalyticsPlugin:229 - Accepted Firmware Licenses: 
2020-12-30 17:29:47,766 [INFO] PluginManage:342 - Loaded plugin analytics (category:tool,tabindex:-1)
2020-12-30 17:29:47,766 [INFO] PluginManage:292 - Check plugin clock
2020-12-30 17:29:47,788 [INFO] PluginManage:342 - Loaded plugin clock (category:base,tabindex:2)
2020-12-30 17:29:47,789 [INFO] PluginManage:292 - Check plugin ddr
2020-12-30 17:29:47,794 [INFO] PluginManage:342 - Loaded plugin ddr (category:tool,tabindex:6)
2020-12-30 17:29:47,794 [INFO] PluginManage:292 - Check plugin filemanager
2020-12-30 17:29:47,944 [INFO] PluginManage:342 - Loaded plugin filemanager (category:base,tabindex:10)
2020-12-30 17:29:47,944 [INFO] PluginManage:292 - Check plugin ipmanager
2020-12-30 17:29:47,964 [INFO] PluginManage:342 - Loaded plugin ipmanager (category:base,tabindex:5)
2020-12-30 17:29:47,964 [INFO] PluginManage:292 - Check plugin pinoutandconfiguration
2020-12-30 17:29:47,982 [INFO] PluginManage:342 - Loaded plugin pinoutandconfiguration (category:base,tabindex:1)
2020-12-30 17:29:47,982 [INFO] PluginManage:292 - Check plugin pinoutconfig
2020-12-30 17:29:48,022 [INFO] PluginManage:342 - Loaded plugin pinoutconfig (category:base,tabindex:0)
2020-12-30 17:29:48,023 [INFO] PluginManage:292 - Check plugin power
2020-12-30 17:29:48,041 [INFO] PluginManage:342 - Loaded plugin power (category:power,tabindex:4)
2020-12-30 17:29:48,042 [INFO] PluginManage:292 - Check plugin projectmanager
2020-12-30 17:29:48,059 [INFO] PluginManage:342 - Loaded plugin projectmanager (category:projectmanager,tabindex:3)
2020-12-30 17:29:48,059 [INFO] PluginManage:292 - Check plugin thirdparty
2020-12-30 17:29:48,280 [INFO] PluginManage:342 - Loaded plugin thirdparty (category:base,tabindex:-1)
2020-12-30 17:29:48,280 [INFO] PluginManage:292 - Check plugin tools
2020-12-30 17:29:48,281 [WARN] IntegrityCheckThread:59 - waiting for thirdparty lock release [integrity check]
2020-12-30 17:29:48,283 [INFO] IntegrityCheckThread:61 - entering critical section [integrity check]
2020-12-30 17:29:48,283 [INFO] ThirdPartyUpdaterWithRetryManager:56 - Updater plugin not ready yet. [1/15]
2020-12-30 17:29:48,334 [INFO] PluginManage:342 - Loaded plugin tools (category:base,tabindex:7)
2020-12-30 17:29:48,334 [INFO] PluginManage:292 - Check plugin tutovideos
2020-12-30 17:29:48,597 [INFO] PluginManage:342 - Loaded plugin tutovideos (category:base,tabindex:-1)
2020-12-30 17:29:48,597 [INFO] PluginManage:292 - Check plugin updater
2020-12-30 17:29:48,613 [INFO] PluginManage:342 - Loaded plugin updater (category:base,tabindex:12)
2020-12-30 17:29:48,614 [INFO] PluginManage:265 - PluginManage : Loaded plugins [13]
2020-12-30 17:29:48,877 [INFO] PinOutPanel:1434 - setPackage(No Configuration,No Configuration)
2020-12-30 17:29:49,054 [INFO] IPUIPlugin:64 - create IPUIPlugin
2020-12-30 17:29:49,054 [INFO] PluginManager:203 - loadIPPluginJar : add adc
2020-12-30 17:29:49,085 [INFO] IPUIPlugin:64 - create IPUIPlugin
2020-12-30 17:29:49,086 [INFO] PluginManager:203 - loadIPPluginJar : add aes
2020-12-30 17:29:49,126 [INFO] IPUIPlugin:64 - create IPUIPlugin
2020-12-30 17:29:49,127 [INFO] PluginManager:203 - loadIPPluginJar : add can
2020-12-30 17:29:49,153 [INFO] IPUIPlugin:64 - create IPUIPlugin
2020-12-30 17:29:49,154 [INFO] PluginManager:203 - loadIPPluginJar : add comp
2020-12-30 17:29:49,184 [INFO] IPUIPlugin:64 - create IPUIPlugin
2020-12-30 17:29:49,185 [INFO] PluginManager:203 - loadIPPluginJar : add cryp
2020-12-30 17:29:49,215 [INFO] IPUIPlugin:64 - create IPUIPlugin
2020-12-30 17:29:49,215 [INFO] PluginManager:203 - loadIPPluginJar : add dfsdm
2020-12-30 17:29:49,234 [INFO] IPUIPlugin:64 - create IPUIPlugin
2020-12-30 17:29:49,235 [INFO] PluginManager:203 - loadIPPluginJar : add dma
2020-12-30 17:29:49,259 [INFO] IPUIPlugin:64 - create IPUIPlugin
2020-12-30 17:29:49,259 [INFO] PluginManager:203 - loadIPPluginJar : add fatfs
2020-12-30 17:29:49,308 [INFO] IPUIPlugin:64 - create IPUIPlugin
2020-12-30 17:29:49,308 [INFO] PluginManager:203 - loadIPPluginJar : add fmc
2020-12-30 17:29:49,323 [INFO] IPUIPlugin:64 - create IPUIPlugin
2020-12-30 17:29:49,324 [INFO] PluginManager:203 - loadIPPluginJar : add freertos
2020-12-30 17:29:49,361 [INFO] IPUIPlugin:64 - create IPUIPlugin
2020-12-30 17:29:49,362 [INFO] PluginManager:203 - loadIPPluginJar : add genericplugin
2020-12-30 17:29:49,441 [INFO] IPUIPlugin:64 - create IPUIPlugin
2020-12-30 17:29:49,442 [INFO] PluginManager:203 - loadIPPluginJar : add gfxmmu
2020-12-30 17:29:49,547 [INFO] IPUIPlugin:64 - create IPUIPlugin
2020-12-30 17:29:49,547 [INFO] PluginManager:203 - loadIPPluginJar : add gic
2020-12-30 17:29:49,560 [INFO] IPUIPlugin:64 - create IPUIPlugin
2020-12-30 17:29:49,561 [INFO] PluginManager:203 - loadIPPluginJar : add gpio
2020-12-30 17:29:49,619 [INFO] IPUIPlugin:64 - create IPUIPlugin
2020-12-30 17:29:49,619 [INFO] PluginManager:203 - loadIPPluginJar : add gtzc
2020-12-30 17:29:49,650 [INFO] IPUIPlugin:64 - create IPUIPlugin
2020-12-30 17:29:49,650 [INFO] PluginManager:203 - loadIPPluginJar : add hash
2020-12-30 17:29:49,700 [INFO] IPUIPlugin:64 - create IPUIPlugin
2020-12-30 17:29:49,700 [INFO] PluginManager:203 - loadIPPluginJar : add i2c
2020-12-30 17:29:49,738 [INFO] IPUIPlugin:64 - create IPUIPlugin
2020-12-30 17:29:49,739 [INFO] PluginManager:203 - loadIPPluginJar : add i2s
2020-12-30 17:29:49,750 [INFO] IPUIPlugin:64 - create IPUIPlugin
2020-12-30 17:29:49,750 [INFO] PluginManager:203 - loadIPPluginJar : add ipddr
2020-12-30 17:29:49,784 [INFO] IPUIPlugin:64 - create IPUIPlugin
2020-12-30 17:29:49,785 [INFO] PluginManager:203 - loadIPPluginJar : add lorawan
2020-12-30 17:29:49,818 [INFO] IPUIPlugin:64 - create IPUIPlugin
2020-12-30 17:29:49,819 [INFO] PluginManager:203 - loadIPPluginJar : add ltdc
2020-12-30 17:29:49,829 [INFO] IPUIPlugin:64 - create IPUIPlugin
2020-12-30 17:29:49,830 [INFO] PluginManager:203 - loadIPPluginJar : add mdma
2020-12-30 17:29:49,842 [INFO] IPUIPlugin:64 - create IPUIPlugin
2020-12-30 17:29:49,842 [INFO] PluginManager:203 - loadIPPluginJar : add nvic
2020-12-30 17:29:49,876 [INFO] IPUIPlugin:64 - create IPUIPlugin
2020-12-30 17:29:49,876 [INFO] PluginManager:203 - loadIPPluginJar : add opamp
2020-12-30 17:29:49,932 [INFO] IPUIPlugin:64 - create IPUIPlugin
2020-12-30 17:29:49,933 [INFO] PluginManager:203 - loadIPPluginJar : add openamp
2020-12-30 17:29:49,977 [INFO] IPUIPlugin:64 - create IPUIPlugin
2020-12-30 17:29:49,977 [INFO] PluginManager:203 - loadIPPluginJar : add pdm2pcm
2020-12-30 17:29:49,994 [INFO] IPUIPlugin:64 - create IPUIPlugin
2020-12-30 17:29:49,997 [INFO] PluginManager:203 - loadIPPluginJar : add plateformsettings
2020-12-30 17:29:50,021 [INFO] IPUIPlugin:64 - create IPUIPlugin
2020-12-30 17:29:50,021 [INFO] PluginManager:203 - loadIPPluginJar : add quadspi
2020-12-30 17:29:50,033 [INFO] IPUIPlugin:64 - create IPUIPlugin
2020-12-30 17:29:50,033 [INFO] PluginManager:203 - loadIPPluginJar : add resmgrutility
2020-12-30 17:29:50,079 [INFO] IPUIPlugin:64 - create IPUIPlugin
2020-12-30 17:29:50,080 [INFO] PluginManager:203 - loadIPPluginJar : add sai
2020-12-30 17:29:50,117 [INFO] IPUIPlugin:64 - create IPUIPlugin
2020-12-30 17:29:50,118 [INFO] PluginManager:203 - loadIPPluginJar : add spi
2020-12-30 17:29:50,163 [INFO] IPUIPlugin:64 - create IPUIPlugin
2020-12-30 17:29:50,163 [INFO] PluginManager:203 - loadIPPluginJar : add stm32_wpan
2020-12-30 17:29:50,189 [INFO] IPUIPlugin:64 - create IPUIPlugin
2020-12-30 17:29:50,189 [INFO] PluginManager:203 - loadIPPluginJar : add tim
2020-12-30 17:29:50,244 [INFO] IPUIPlugin:64 - create IPUIPlugin
2020-12-30 17:29:50,244 [INFO] PluginManager:203 - loadIPPluginJar : add touchsensing
2020-12-30 17:29:50,270 [INFO] IPUIPlugin:64 - create IPUIPlugin
2020-12-30 17:29:50,271 [INFO] PluginManager:203 - loadIPPluginJar : add tracer_emb
2020-12-30 17:29:50,295 [INFO] IPUIPlugin:64 - create IPUIPlugin
2020-12-30 17:29:50,295 [INFO] PluginManager:203 - loadIPPluginJar : add ts
2020-12-30 17:29:50,322 [INFO] IPUIPlugin:64 - create IPUIPlugin
2020-12-30 17:29:50,322 [INFO] PluginManager:203 - loadIPPluginJar : add tsc
2020-12-30 17:29:50,344 [INFO] IPUIPlugin:64 - create IPUIPlugin
2020-12-30 17:29:50,344 [INFO] PluginManager:203 - loadIPPluginJar : add ucpd
2020-12-30 17:29:50,387 [INFO] IPUIPlugin:64 - create IPUIPlugin
2020-12-30 17:29:50,387 [INFO] PluginManager:203 - loadIPPluginJar : add usart
2020-12-30 17:29:50,740 [FATAL] Updater:284 - Updater called before beeing initialized
2020-12-30 17:29:50,894 [FATAL] Updater:284 - Updater called before beeing initialized
2020-12-30 17:29:50,985 [WARN] DetailPanel:347 - Failed to get advertising image, set to default
2020-12-30 17:29:50,988 [FATAL] Updater:284 - Updater called before beeing initialized
2020-12-30 17:29:50,988 [WARN] DetailPanel:347 - Failed to get advertising image, set to default
2020-12-30 17:29:51,053 [FATAL] Updater:284 - Updater called before beeing initialized
2020-12-30 17:29:51,053 [WARN] ThirdParty:783 - waiting for thirdparty lock release [close project]
2020-12-30 17:29:51,292 [INFO] ThirdPartyUpdaterWithRetryManager:56 - Updater plugin not ready yet. [2/15]
2020-12-30 17:29:54,305 [FATAL] Updater:284 - Updater called before beeing initialized
2020-12-30 17:29:54,305 [ERROR] AbstractThirdPartyUpdaterManager:153 - java.lang.Integer cannot be cast to java.util.List
2020-12-30 17:29:54,305 [INFO] ThirdParty:887 - Integrity check success = false
2020-12-30 17:29:54,306 [INFO] IntegrityCheckThread:75 - exiting critical section [integrity check]
2020-12-30 17:29:54,306 [INFO] IntegrityCheckThread:78 - End integrity checks thread
2020-12-30 17:29:54,306 [INFO] ThirdParty:785 - entering critical section [close project]
2020-12-30 17:29:54,307 [INFO] ThirdParty:796 - exiting critical section [close project]
2020-12-30 17:29:54,310 [INFO] PinOutPanel:1434 - setPackage(No Configuration,No Configuration)
2020-12-30 17:29:54,311 [FATAL] Updater:284 - Updater called before beeing initialized
2020-12-30 17:29:54,326 [ERROR] Updater:1065 - MainUpdater not yet initialized. External WinMGr cannot be set.
2020-12-30 17:29:54,336 [INFO] Updater:1002 - Updater Version found : 6.1.0
2020-12-30 17:29:54,369 [INFO] ApplicationProperties:181 - Using Application install path: C:\ST\STM32CubeIDE_1.5.0\STM32CubeIDE\plugins\com.st.stm32cube.common.mx_6.1.0.202011121557
2020-12-30 17:29:54,696 [INFO] MainUpdater:2644 - connection check result : 10
2020-12-30 17:29:54,696 [INFO] MainUpdater:249 - Updater Check For Update Now.
2020-12-30 17:29:54,697 [INFO] MicroXplorer:415 - Change Database Version : DB.6.0.10
2020-12-30 17:29:54,752 [INFO] CheckServerUpdateThread:102 - End of CheckServer Thread
2020-12-30 17:29:54,839 [INFO] MainUpdater:2644 - connection check result : 10
2020-12-30 17:29:55,443 [INFO] CrossSelectorPresenter:1330 - Cross Selector saved comparison directory: C:\Users\duylu\.stmcufinder\plugins\mcufinder\mcu\cs_comparisons_mx
2020-12-30 17:29:55,449 [INFO] MultiScanPanel:198 - Auto-refresh data requested => check proxy status ongoing
2020-12-30 17:29:55,453 [INFO] FinderPluginLoader:87 - Searching for filters in installed packs
2020-12-30 17:29:55,454 [INFO] DbMcusXml:97 - Load MCU database from C:\ST\STM32CubeIDE_1.5.0\STM32CubeIDE\plugins\com.st.stm32cube.common.mx_6.1.0.202011121557\\db\/mcu/families.xml
2020-12-30 17:29:56,191 [INFO] DbMcusJson:92 - JSON generation date=Thu Dec 10 02:22:40 JST 2020 (1607534560)
2020-12-30 17:29:56,941 [INFO] DbMcus:176 - Found 1835 MCUs (1796 are supported by CubeMX, 1804 are visible in CubeMX)
2020-12-30 17:29:56,941 [INFO] ApiDb:229 - User favorites file not found: C:\Users\duylu/.stm32cubeide/favorites.mcus.txt
2020-12-30 17:29:56,941 [INFO] DbMcus:188 - Set 0 / 0 favorites MCUs
2020-12-30 17:29:57,407 [INFO] DetailPanel:344 - Set advertising image to C:/Users/duylu/STM32Cube/Repository/\stm32cubemx-promo_image.jpg
2020-12-30 17:29:57,752 [INFO] McuFilterPanel:245 - Update 0 favorites MCUs
2020-12-30 17:29:57,868 [INFO] DbBoardsPdsc:91 - Found 24 items
2020-12-30 17:29:57,876 [INFO] DbBoardsPdsc:91 - Found 9 items
2020-12-30 17:29:57,888 [INFO] DbBoardsPdsc:91 - Found 32 items
2020-12-30 17:29:57,895 [INFO] DbBoardsPdsc:91 - Found 1 items
2020-12-30 17:29:57,910 [INFO] DbBoardsPdsc:91 - Found 45 items
2020-12-30 17:29:57,924 [INFO] DbBoardsPdsc:91 - Found 41 items
2020-12-30 17:29:57,933 [INFO] DbBoardsPdsc:91 - Found 2 items
2020-12-30 17:29:57,942 [INFO] DbBoardsPdsc:91 - Found 4 items
2020-12-30 17:29:57,951 [WARN] DbBoardsPdsc:255 - Board STM32H7B3I-DK: unknown feature type=Audio, name=, username=Audio stereo codec with Headphone Amp (CS42L51-CNZ), n=1
2020-12-30 17:29:57,951 [WARN] DbBoardsPdsc:255 - Board STM32H735G-DK: unknown feature type=Audio, name=, username=Audio stereo codec with Headphone Amp (WM8994ECS/R), n=1
2020-12-30 17:29:57,954 [WARN] DbBoardsPdsc:255 - Board STM32H7B3I-EVAL: unknown feature type=Audio, name=, username=Multi-Channel Audio Codec (CS42L51-CNZ), n=1
2020-12-30 17:29:57,955 [WARN] DbBoardsPdsc:255 - Board STM32H7B3I-EVAL: unknown feature type=Meter, name=, username=Power-metering and Temperature-monitoring with sigma-delta modulators, n=1
2020-12-30 17:29:57,955 [WARN] DbBoardsPdsc:255 - Board STM32H7B3I-EVAL: unknown feature type=Motor, name=, username=Motor Control, n=1
2020-12-30 17:29:57,978 [INFO] DbBoardsJson:85 - JSON generation date=Thu Nov 05 23:55:26 JST 2020 (1604588126)
2020-12-30 17:29:57,982 [INFO] DbBoards:118 - Found 158 boards (155 are supported by CubeMX)
2020-12-30 17:29:58,001 [INFO] DbBoardsDocs:145 - JSON generation date=Thu Dec 10 02:22:40 JST 2020 (1607534560)
2020-12-30 17:29:58,020 [INFO] DbBoardsDocs:81 - Found 190 boards documents
2020-12-30 17:29:58,020 [WARN] DbBoards:128 - board B-L462E-CELL1 has no document id list !
2020-12-30 17:29:58,021 [WARN] DbBoards:128 - board B-L475E-IOT01A2 has no document id list !
2020-12-30 17:29:58,021 [WARN] DbBoards:128 - board NUCLEO-G0B1RE has no document id list !
2020-12-30 17:29:58,022 [WARN] DbBoards:128 - board NUCLEO-G491RE has no document id list !
2020-12-30 17:29:58,022 [WARN] DbBoards:128 - board NUCLEO-H743ZI2 has no document id list !
2020-12-30 17:29:58,022 [WARN] DbBoards:128 - board NUCLEO-L4A6ZG has no document id list !
2020-12-30 17:29:58,022 [WARN] DbBoards:128 - board NUCLEO-WB55RG has no document id list !
2020-12-30 17:29:58,022 [WARN] DbBoards:128 - board NUCLEO-WL55JC1 has no document id list !
2020-12-30 17:29:58,023 [WARN] DbBoards:128 - board NUCLEO-WL55JC2 has no document id list !
2020-12-30 17:29:58,023 [WARN] DbBoards:128 - board P-NUCLEO-WB55-Nucleo has no document id list !
2020-12-30 17:29:58,023 [WARN] DbBoards:128 - board P-NUCLEO-WB55-USBDongle has no document id list !
2020-12-30 17:29:58,023 [WARN] DbBoards:128 - board STEVAL-BFA001V1B has no document id list !
2020-12-30 17:29:58,023 [WARN] DbBoards:128 - board STEVAL-BFA001V2B has no document id list !
2020-12-30 17:29:58,023 [WARN] DbBoards:128 - board STEVAL-IDP005V1 has no document id list !
2020-12-30 17:29:58,023 [WARN] DbBoards:128 - board STEVAL-IDP005V2 has no document id list !
2020-12-30 17:29:58,023 [WARN] DbBoards:128 - board STEVAL-MKSBOX1V1 has no document id list !
2020-12-30 17:29:58,023 [WARN] DbBoards:128 - board STEVAL-STWINKT1 has no document id list !
2020-12-30 17:29:58,024 [WARN] DbBoards:128 - board STM32F401C-DISCO has no document id list !
2020-12-30 17:29:58,024 [WARN] DbBoards:128 - board STM32F769I-DISC1 has no document id list !
2020-12-30 17:29:58,024 [WARN] DbBoards:128 - board STM32G0C1E-EV has no document id list !
2020-12-30 17:29:58,025 [WARN] DbBoards:128 - board STM32G474E-EVAL1 has no document id list !
2020-12-30 17:29:58,025 [WARN] DbBoards:128 - board STM32H743I-EVAL2 has no document id list !
2020-12-30 17:29:58,025 [WARN] DbBoards:128 - board STM32H747I-DISC1 has no document id list !
2020-12-30 17:29:58,025 [WARN] DbBoards:128 - board STM32H753I-EVAL2 has no document id list !
2020-12-30 17:29:58,025 [WARN] DbBoards:128 - board STM32L-DISCOVERY has no document id list !
2020-12-30 17:29:58,026 [WARN] DbBoards:128 - board STM32MP157A-DK1 has no document id list !
2020-12-30 17:29:58,026 [WARN] DbBoards:128 - board STM32MP157F-DK2 has no document id list !
2020-12-30 17:29:58,026 [WARN] DbBoards:128 - board STM32MP157F-EV1 has no document id list !
2020-12-30 17:29:59,775 [INFO] ApiDb:229 - User favorites file not found: C:\Users\duylu/.stm32cubeide/favorites.boards.txt
2020-12-30 17:29:59,776 [INFO] DbBoards:207 - Set 0 / 0 favorites Boards
2020-12-30 17:30:51,467 [INFO] MultiScanPanel:198 - Auto-refresh data requested => check proxy status ongoing
2020-12-30 17:30:51,519 [INFO] DetailPanel:344 - Set advertising image to C:/Users/duylu/STM32Cube/Repository/\stm32cubemx-promo_image.jpg
2020-12-30 17:30:51,537 [INFO] BoardFilterPanel:214 - Update 0 favorites Boards
2020-12-30 17:31:25,319 [INFO] BoardAction:77 - Docs & Resources
2020-12-30 17:31:35,370 [INFO] GuiUtils:222 - Cannot open the file :C:/Users/duylu/STM32Cube/Repository/\/DB1421.pdf using Desktop.
2020-12-30 17:31:35,416 [INFO] BoardAction:142 - Datasheet
2020-12-30 17:31:36,533 [INFO] GuiUtils:222 - Cannot open the file :C:/Users/duylu/STM32Cube/Repository/\/DB1421.pdf using Desktop.
2020-12-30 17:31:36,549 [INFO] BoardAction:142 - Datasheet
2020-12-30 17:31:40,009 [INFO] GuiUtils:222 - Cannot open the file :C:/Users/duylu/STM32Cube/Repository/\/DB1421.pdf using Desktop.
2020-12-30 17:31:40,023 [INFO] BoardAction:142 - Datasheet
2020-12-30 17:33:32,206 [INFO] ApiDb:263 - Save user favorites file C:\Users\duylu/.stm32cubeide/favorites.mcus.txt: 0 item(s)
2020-12-30 17:33:32,206 [INFO] ApiDb:267 - User favorites MCUs=[]
2020-12-30 17:33:32,208 [INFO] ApiDb:263 - Save user favorites file C:\Users\duylu/.stm32cubeide/favorites.boards.txt: 0 item(s)
2020-12-30 17:33:32,208 [INFO] ApiDb:267 - User favorites Boards=[]
2020-12-30 21:14:03,403 [INFO] MainUpdater:2644 - connection check result : 10
2020-12-30 21:14:04,051 [INFO] ServerAccessManage:348 - Download File mcusDocs.json._tmp_
2020-12-30 21:14:04,593 [INFO] LoadUrlFilesThread:135 - End of LoadUrlFiles Thread
2020-12-30 21:14:05,209 [INFO] ServerAccessManage:348 - Download File mcusFeaturesAndDescription.json._tmp_
2020-12-30 21:14:06,463 [INFO] LoadUrlFilesThread:135 - End of LoadUrlFiles Thread
2020-12-30 21:14:07,060 [INFO] ServerAccessManage:348 - Download File boardsDocs.json._tmp_
2020-12-30 21:14:07,630 [INFO] LoadUrlFilesThread:135 - End of LoadUrlFiles Thread
2020-12-30 21:14:07,966 [INFO] ServerAccessManage:348 - Download File boards.json._tmp_
2020-12-30 21:14:08,336 [INFO] LoadUrlFilesThread:135 - End of LoadUrlFiles Thread
2020-12-30 21:14:08,645 [INFO] ServerAccessManage:348 - Download File cube-finder-db.zip
2020-12-30 21:14:17,741 [INFO] FileExtend:225 - Unzip File : cube-finder-db.zip
2020-12-30 21:14:17,741 [INFO] FileExtend:240 - Standard Zip Deflate
2020-12-30 21:14:18,069 [INFO] LoadUrlFilesThread:135 - End of LoadUrlFiles Thread
2020-12-30 21:14:19,006 [INFO] ServerAccessManage:348 - Download File crdb.zip
2020-12-30 21:14:20,394 [INFO] FileExtend:225 - Unzip File : crdb.zip
2020-12-30 21:14:20,394 [INFO] FileExtend:240 - Standard Zip Deflate
2020-12-30 21:14:20,437 [INFO] LoadUrlFilesThread:135 - End of LoadUrlFiles Thread
2020-12-30 21:14:20,998 [INFO] ServerAccessManage:348 - Download File tutoVideoDB.zip
2020-12-30 21:14:21,082 [INFO] FileExtend:225 - Unzip File : tutoVideoDB.zip
2020-12-30 21:14:21,082 [INFO] FileExtend:240 - Standard Zip Deflate
2020-12-30 21:14:21,122 [INFO] LoadUrlFilesThread:135 - End of LoadUrlFiles Thread
2020-12-30 21:14:21,122 [INFO] DbMcusDocs:145 - JSON generation date=Thu Dec 10 02:22:40 JST 2020 (1607534560)
2020-12-30 21:14:21,267 [INFO] DbMcusDocs:81 - Found 612 MCUs documents
2020-12-30 21:14:21,267 [INFO] ApiDb:263 - Save user favorites file C:\Users\duylu/.stm32cubeide/favorites.mcus.txt: 0 item(s)
2020-12-30 21:14:21,267 [INFO] ApiDb:267 - User favorites MCUs=[]
2020-12-30 21:14:21,267 [INFO] DbMcusXml:97 - Load MCU database from C:\ST\STM32CubeIDE_1.5.0\STM32CubeIDE\plugins\com.st.stm32cube.common.mx_6.1.0.202011121557\\db\/mcu/families.xml
2020-12-30 21:14:21,614 [INFO] DbMcusJson:92 - JSON generation date=Thu Dec 10 02:22:40 JST 2020 (1607534560)
2020-12-30 21:14:22,095 [INFO] DbMcus:176 - Found 1835 MCUs (1796 are supported by CubeMX, 1804 are visible in CubeMX)
2020-12-30 21:14:22,095 [INFO] ApiDb:238 - Load user favorites file C:\Users\duylu/.stm32cubeide/favorites.mcus.txt: 0 item(s)
2020-12-30 21:14:22,095 [INFO] ApiDb:242 - User favorites MCUs=[]
2020-12-30 21:14:22,095 [INFO] DbMcus:188 - Set 0 / 0 favorites MCUs
2020-12-30 21:14:22,095 [INFO] DbBoardsDocs:145 - JSON generation date=Thu Dec 10 02:22:40 JST 2020 (1607534560)
2020-12-30 21:14:22,110 [INFO] DbBoardsDocs:81 - Found 190 boards documents
2020-12-30 21:14:22,110 [INFO] ApiDb:263 - Save user favorites file C:\Users\duylu/.stm32cubeide/favorites.boards.txt: 0 item(s)
2020-12-30 21:14:22,110 [INFO] ApiDb:267 - User favorites Boards=[]
2020-12-30 21:14:22,126 [INFO] DbBoardsPdsc:91 - Found 24 items
2020-12-30 21:14:22,126 [INFO] DbBoardsPdsc:91 - Found 9 items
2020-12-30 21:14:22,126 [INFO] DbBoardsPdsc:91 - Found 32 items
2020-12-30 21:14:22,126 [INFO] DbBoardsPdsc:91 - Found 1 items
2020-12-30 21:14:22,126 [INFO] DbBoardsPdsc:91 - Found 45 items
2020-12-30 21:14:22,141 [INFO] DbBoardsPdsc:91 - Found 41 items
2020-12-30 21:14:22,141 [INFO] DbBoardsPdsc:91 - Found 2 items
2020-12-30 21:14:22,141 [INFO] DbBoardsPdsc:91 - Found 4 items
2020-12-30 21:14:22,141 [WARN] DbBoardsPdsc:255 - Board STM32H7B3I-DK: unknown feature type=Audio, name=, username=Audio stereo codec with Headphone Amp (CS42L51-CNZ), n=1
2020-12-30 21:14:22,141 [WARN] DbBoardsPdsc:255 - Board STM32H735G-DK: unknown feature type=Audio, name=, username=Audio stereo codec with Headphone Amp (WM8994ECS/R), n=1
2020-12-30 21:14:22,141 [WARN] DbBoardsPdsc:255 - Board STM32H7B3I-EVAL: unknown feature type=Audio, name=, username=Multi-Channel Audio Codec (CS42L51-CNZ), n=1
2020-12-30 21:14:22,141 [WARN] DbBoardsPdsc:255 - Board STM32H7B3I-EVAL: unknown feature type=Meter, name=, username=Power-metering and Temperature-monitoring with sigma-delta modulators, n=1
2020-12-30 21:14:22,141 [WARN] DbBoardsPdsc:255 - Board STM32H7B3I-EVAL: unknown feature type=Motor, name=, username=Motor Control, n=1
2020-12-30 21:14:22,157 [INFO] DbBoardsJson:85 - JSON generation date=Thu Nov 05 23:55:26 JST 2020 (1604588126)
2020-12-30 21:14:22,157 [INFO] DbBoards:118 - Found 158 boards (155 are supported by CubeMX)
2020-12-30 21:14:22,157 [WARN] DbBoards:128 - board B-L462E-CELL1 has no document id list !
2020-12-30 21:14:22,157 [WARN] DbBoards:128 - board B-L475E-IOT01A2 has no document id list !
2020-12-30 21:14:22,157 [WARN] DbBoards:128 - board NUCLEO-G0B1RE has no document id list !
2020-12-30 21:14:22,157 [WARN] DbBoards:128 - board NUCLEO-G491RE has no document id list !
2020-12-30 21:14:22,157 [WARN] DbBoards:128 - board NUCLEO-H743ZI2 has no document id list !
2020-12-30 21:14:22,157 [WARN] DbBoards:128 - board NUCLEO-L4A6ZG has no document id list !
2020-12-30 21:14:22,157 [WARN] DbBoards:128 - board NUCLEO-WB55RG has no document id list !
2020-12-30 21:14:22,157 [WARN] DbBoards:128 - board NUCLEO-WL55JC1 has no document id list !
2020-12-30 21:14:22,157 [WARN] DbBoards:128 - board NUCLEO-WL55JC2 has no document id list !
2020-12-30 21:14:22,157 [WARN] DbBoards:128 - board P-NUCLEO-WB55-Nucleo has no document id list !
2020-12-30 21:14:22,157 [WARN] DbBoards:128 - board P-NUCLEO-WB55-USBDongle has no document id list !
2020-12-30 21:14:22,157 [WARN] DbBoards:128 - board STEVAL-BFA001V1B has no document id list !
2020-12-30 21:14:22,157 [WARN] DbBoards:128 - board STEVAL-BFA001V2B has no document id list !
2020-12-30 21:14:22,157 [WARN] DbBoards:128 - board STEVAL-IDP005V1 has no document id list !
2020-12-30 21:14:22,157 [WARN] DbBoards:128 - board STEVAL-IDP005V2 has no document id list !
2020-12-30 21:14:22,157 [WARN] DbBoards:128 - board STEVAL-MKSBOX1V1 has no document id list !
2020-12-30 21:14:22,157 [WARN] DbBoards:128 - board STEVAL-STWINKT1 has no document id list !
2020-12-30 21:14:22,157 [WARN] DbBoards:128 - board STM32F401C-DISCO has no document id list !
2020-12-30 21:14:22,157 [WARN] DbBoards:128 - board STM32F769I-DISC1 has no document id list !
2020-12-30 21:14:22,157 [WARN] DbBoards:128 - board STM32G0C1E-EV has no document id list !
2020-12-30 21:14:22,157 [WARN] DbBoards:128 - board STM32G474E-EVAL1 has no document id list !
2020-12-30 21:14:22,157 [WARN] DbBoards:128 - board STM32H743I-EVAL2 has no document id list !
2020-12-30 21:14:22,157 [WARN] DbBoards:128 - board STM32H747I-DISC1 has no document id list !
2020-12-30 21:14:22,157 [WARN] DbBoards:128 - board STM32H753I-EVAL2 has no document id list !
2020-12-30 21:14:22,157 [WARN] DbBoards:128 - board STM32L-DISCOVERY has no document id list !
2020-12-30 21:14:22,157 [WARN] DbBoards:128 - board STM32MP157A-DK1 has no document id list !
2020-12-30 21:14:22,157 [WARN] DbBoards:128 - board STM32MP157F-DK2 has no document id list !
2020-12-30 21:14:22,157 [WARN] DbBoards:128 - board STM32MP157F-EV1 has no document id list !
2020-12-30 21:14:23,235 [INFO] ApiDb:238 - Load user favorites file C:\Users\duylu/.stm32cubeide/favorites.boards.txt: 0 item(s)
2020-12-30 21:14:23,235 [INFO] ApiDb:242 - User favorites Boards=[]
2020-12-30 21:14:23,235 [INFO] DbBoards:207 - Set 0 / 0 favorites Boards
2020-12-30 21:14:23,349 [INFO] ApiDb:466 - Connected to CubeFinder SQLite database (C:\Users\duylu\.stmcufinder\plugins\mcufinder\mcu\cube-finder-db.db)
2020-12-30 21:14:23,843 [INFO] DbExamplesSqlite:410 - Ignored 24 examples not supported by CubeIDE
2020-12-30 21:14:23,843 [INFO] DbExamplesSqlite:411 - Found 4822 examples active
2020-12-30 21:14:23,843 [INFO] DbExamplesSqlite:412 - Found 130 examples obsolete
2020-12-30 21:14:23,843 [INFO] DbExamplesSqlite:413 - Found 0 examples under development
2020-12-30 21:14:23,843 [INFO] DbExamplesSqlite:414 - Found 71 examples not building
2020-12-30 21:14:23,859 [INFO] DbExamplesSqlite:106 - CubeFinder database Data Model version=2.1
2020-12-30 21:14:23,859 [INFO] DbExamplesSqlite:107 - CubeFinder database Configuration version=2.11
2020-12-30 21:14:23,859 [INFO] DbExamplesSqlite:108 - CubeFinder database generation date=2020-11-16 (1605534434)
2020-12-30 21:14:23,859 [INFO] DbExamplesSqlite:109 - CubeFinder database FW Pack versions=[STM32Cube_FW_F4_V1.25.2, STM32Cube_FW_F7_V1.16.0, STM32Cube_FW_G0_V1.4.0, STM32Cube_FW_G4_V1.3.0, STM32Cube_FW_H7_V1.8.0, STM32Cube_FW_L5_V1.3.1, STM32Cube_FW_WB_V1.10.0, STM32Cube_FW_WL_V1.0.0]
2020-12-30 21:14:23,859 [INFO] DbExamples:126 - Found 4869 examples
2020-12-30 21:14:24,237 [ERROR] DbExamples:202 - Found 297 examples with invalid data (board or MCU)
2020-12-30 21:14:24,237 [INFO] DbExamples:218 - Found 59 boards with related examples
2020-12-30 21:14:24,252 [INFO] DbExamples:231 - Found 47 MCUs with related examples
2020-12-30 21:14:24,268 [INFO] ApiDb:229 - User favorites file not found: C:\Users\duylu/.stm32cubeide/favorites.examples.txt
2020-12-30 21:14:24,268 [INFO] DbExamples:252 - Set 0 / 0 favorites Examples
2020-12-30 21:14:27,482 [INFO] CrossSelectorPresenter:1330 - Cross Selector saved comparison directory: C:\Users\duylu\.stmcufinder\plugins\mcufinder\mcu\cs_comparisons_mx
2020-12-30 21:14:27,497 [INFO] MultiScanPanel:198 - Auto-refresh data requested => check proxy status ongoing
2020-12-30 21:14:27,497 [INFO] FinderPluginLoader:87 - Searching for filters in installed packs
2020-12-30 21:14:27,653 [INFO] DetailPanel:344 - Set advertising image to C:/Users/duylu/STM32Cube/Repository/\stm32cubemx-promo_image.jpg
2020-12-30 21:14:27,824 [INFO] McuFilterPanel:245 - Update 0 favorites MCUs
2020-12-30 21:14:35,231 [INFO] MultiScanPanel:198 - Auto-refresh data requested => check proxy status ongoing
2020-12-30 21:14:35,262 [INFO] DetailPanel:344 - Set advertising image to C:/Users/duylu/STM32Cube/Repository/\stm32cubemx-promo_image.jpg
2020-12-30 21:14:35,262 [INFO] BoardFilterPanel:214 - Update 0 favorites Boards
2020-12-30 21:14:48,531 [INFO] BoardResultTable:600 - Mark Board STM32F407G-DISC1 as favorite
2020-12-30 21:15:17,279 [INFO] ApiDb:263 - Save user favorites file C:\Users\duylu/.stm32cubeide/favorites.mcus.txt: 0 item(s)
2020-12-30 21:15:17,280 [INFO] ApiDb:267 - User favorites MCUs=[]
2020-12-30 21:15:17,281 [INFO] ApiDb:263 - Save user favorites file C:\Users\duylu/.stm32cubeide/favorites.boards.txt: 1 item(s)
2020-12-30 21:15:17,291 [INFO] ApiDb:267 - User favorites Boards=[STM32F407G-DISC1]
